# JRE version: Java(TM) SE Runtime Environment (8.0_171-b11) (build 1.8.0_171-b11)
# Java VM: Java HotSpot(TM) 64-Bit Server VM (25.171-b11 mixed mode windows-amd64 compressed oops)
Heap:
 PSYoungGen      total 75264K, used 21140K [0x000000076c380000, 0x0000000771780000, 0x00000007c0000000)
  eden space 64512K, 21% used [0x000000076c380000,0x000000076d0f6c88,0x0000000770280000)
  from space 10752K, 68% used [0x0000000770280000,0x00000007709ae410,0x0000000770d00000)
  to   space 10752K, 0% used [0x0000000770d00000,0x0000000770d00000,0x0000000771780000)
 ParOldGen       total 172032K, used 630K [0x00000006c4a00000, 0x00000006cf200000, 0x000000076c380000)
  object space 172032K, 0% used [0x00000006c4a00000,0x00000006c4a9dbf8,0x00000006cf200000)
 Metaspace       used 4362K, capacity 5068K, committed 5120K, reserved 1056768K
  class space    used 453K, capacity 500K, committed 512K, reserved 1048576K
GC Heap History (8 events):
Event: 1.129 GC heap before
{Heap before GC invocations=1 (full 0):
 PSYoungGen      total 75264K, used 2580K [0x000000076c380000, 0x0000000771780000, 0x00000007c0000000)
  eden space 64512K, 4% used [0x000000076c380000,0x000000076c605208,0x0000000770280000)
  from space 10752K, 0% used [0x0000000770d00000,0x0000000770d00000,0x0000000771780000)
  to   space 10752K, 0% used [0x0000000770280000,0x0000000770280000,0x0000000770d00000)
 ParOldGen       total 172032K, used 0K [0x00000006c4a00000, 0x00000006cf200000, 0x000000076c380000)
  object space 172032K, 0% used [0x00000006c4a00000,0x00000006c4a00000,0x00000006cf200000)
 Metaspace       used 2993K, capacity 4564K, committed 4864K, reserved 1056768K
  class space    used 332K, capacity 388K, committed 512K, reserved 1048576K
Event: 1.192 GC heap after
Heap after GC invocations=1 (full 0):
 PSYoungGen      total 75264K, used 697K [0x000000076c380000, 0x0000000771780000, 0x00000007c0000000)
  eden space 64512K, 0% used [0x000000076c380000,0x000000076c380000,0x0000000770280000)
  from space 10752K, 6% used [0x0000000770280000,0x000000077032e620,0x0000000770d00000)
  to   space 10752K, 0% used [0x0000000770d00000,0x0000000770d00000,0x0000000771780000)
 ParOldGen       total 172032K, used 8K [0x00000006c4a00000, 0x00000006cf200000, 0x000000076c380000)
  object space 172032K, 0% used [0x00000006c4a00000,0x00000006c4a02000,0x00000006cf200000)
 Metaspace       used 2993K, capacity 4564K, committed 4864K, reserved 1056768K
  class space    used 332K, capacity 388K, committed 512K, reserved 1048576K
}
Event: 1.192 GC heap before
{Heap before GC invocations=2 (full 1):
 PSYoungGen      total 75264K, used 697K [0x000000076c380000, 0x0000000771780000, 0x00000007c0000000)
  eden space 64512K, 0% used [0x000000076c380000,0x000000076c380000,0x0000000770280000)
  from space 10752K, 6% used [0x0000000770280000,0x000000077032e620,0x0000000770d00000)
  to   space 10752K, 0% used [0x0000000770d00000,0x0000000770d00000,0x0000000771780000)
 ParOldGen       total 172032K, used 8K [0x00000006c4a00000, 0x00000006cf200000, 0x000000076c380000)
  object space 172032K, 0% used [0x00000006c4a00000,0x00000006c4a02000,0x00000006cf200000)
 Metaspace       used 2993K, capacity 4564K, committed 4864K, reserved 1056768K
  class space    used 332K, capacity 388K, committed 512K, reserved 1048576K
Event: 1.257 GC heap after
Heap after GC invocations=2 (full 1):
 PSYoungGen      total 75264K, used 0K [0x000000076c380000, 0x0000000771780000, 0x00000007c0000000)
  eden space 64512K, 0% used [0x000000076c380000,0x000000076c380000,0x0000000770280000)
  from space 10752K, 0% used [0x0000000770280000,0x0000000770280000,0x0000000770d00000)
  to   space 10752K, 0% used [0x0000000770d00000,0x0000000770d00000,0x0000000771780000)
 ParOldGen       total 172032K, used 622K [0x00000006c4a00000, 0x00000006cf200000, 0x000000076c380000)
  object space 172032K, 0% used [0x00000006c4a00000,0x00000006c4a9bbf8,0x00000006cf200000)
 Metaspace       used 2993K, capacity 4564K, committed 4864K, reserved 1056768K
  class space    used 332K, capacity 388K, committed 512K, reserved 1048576K
}
Event: 26.844 GC heap before
{Heap before GC invocations=3 (full 1):
 PSYoungGen      total 75264K, used 64512K [0x000000076c380000, 0x0000000771780000, 0x00000007c0000000)
  eden space 64512K, 100% used [0x000000076c380000,0x0000000770280000,0x0000000770280000)
  from space 10752K, 0% used [0x0000000770280000,0x0000000770280000,0x0000000770d00000)
  to   space 10752K, 0% used [0x0000000770d00000,0x0000000770d00000,0x0000000771780000)
 ParOldGen       total 172032K, used 622K [0x00000006c4a00000, 0x00000006cf200000, 0x000000076c380000)
  object space 172032K, 0% used [0x00000006c4a00000,0x00000006c4a9bbf8,0x00000006cf200000)
 Metaspace       used 4342K, capacity 5068K, committed 5120K, reserved 1056768K
  class space    used 453K, capacity 500K, committed 512K, reserved 1048576K
Event: 26.847 GC heap after
Heap after GC invocations=3 (full 1):
 PSYoungGen      total 75264K, used 4422K [0x000000076c380000, 0x0000000771780000, 0x00000007c0000000)
  eden space 64512K, 0% used [0x000000076c380000,0x000000076c380000,0x0000000770280000)
  from space 10752K, 41% used [0x0000000770d00000,0x0000000771151bd0,0x0000000771780000)
  to   space 10752K, 0% used [0x0000000770280000,0x0000000770280000,0x0000000770d00000)
 ParOldGen       total 172032K, used 630K [0x00000006c4a00000, 0x00000006cf200000, 0x000000076c380000)
  object space 172032K, 0% used [0x00000006c4a00000,0x00000006c4a9dbf8,0x00000006cf200000)
 Metaspace       used 4342K, capacity 5068K, committed 5120K, reserved 1056768K
  class space    used 453K, capacity 500K, committed 512K, reserved 1048576K
}
Event: 84.891 GC heap before
{Heap before GC invocations=4 (full 1):
 PSYoungGen      total 75264K, used 68934K [0x000000076c380000, 0x0000000771780000, 0x00000007c0000000)
  eden space 64512K, 100% used [0x000000076c380000,0x0000000770280000,0x0000000770280000)
  from space 10752K, 41% used [0x0000000770d00000,0x0000000771151bd0,0x0000000771780000)
  to   space 10752K, 0% used [0x0000000770280000,0x0000000770280000,0x0000000770d00000)
 ParOldGen       total 172032K, used 630K [0x00000006c4a00000, 0x00000006cf200000, 0x000000076c380000)
  object space 172032K, 0% used [0x00000006c4a00000,0x00000006c4a9dbf8,0x00000006cf200000)
 Metaspace       used 4362K, capacity 5068K, committed 5120K, reserved 1056768K
  class space    used 453K, capacity 500K, committed 512K, reserved 1048576K
Event: 84.974 GC heap after
Heap after GC invocations=4 (full 1):
 PSYoungGen      total 75264K, used 7353K [0x000000076c380000, 0x0000000771780000, 0x00000007c0000000)
  eden space 64512K, 0% used [0x000000076c380000,0x000000076c380000,0x0000000770280000)
  from space 10752K, 68% used [0x0000000770280000,0x00000007709ae410,0x0000000770d00000)
  to   space 10752K, 0% used [0x0000000770d00000,0x0000000770d00000,0x0000000771780000)
 ParOldGen       total 172032K, used 630K [0x00000006c4a00000, 0x00000006cf200000, 0x000000076c380000)
  object space 172032K, 0% used [0x00000006c4a00000,0x00000006c4a9dbf8,0x00000006cf200000)
 Metaspace       used 4362K, capacity 5068K, committed 5120K, reserved 1056768K
  class space    used 453K, capacity 500K, committed 512K, reserved 1048576K
}

